mode: set
redditclone/pkg/post/repo_mongo.go:40.91,45.2 1 1
redditclone/pkg/post/repo_mongo.go:47.47,51.16 4 1
redditclone/pkg/post/repo_mongo.go:51.16,53.3 1 1
redditclone/pkg/post/repo_mongo.go:55.2,58.28 3 1
redditclone/pkg/post/repo_mongo.go:58.28,60.51 2 1
redditclone/pkg/post/repo_mongo.go:60.51,62.12 2 0
redditclone/pkg/post/repo_mongo.go:64.3,65.31 2 1
redditclone/pkg/post/repo_mongo.go:67.2,68.14 2 1
redditclone/pkg/post/repo_mongo.go:71.71,76.16 5 1
redditclone/pkg/post/repo_mongo.go:76.16,78.3 1 1
redditclone/pkg/post/repo_mongo.go:80.2,83.28 3 1
redditclone/pkg/post/repo_mongo.go:83.28,85.51 2 1
redditclone/pkg/post/repo_mongo.go:85.51,87.12 2 0
redditclone/pkg/post/repo_mongo.go:89.3,90.30 2 1
redditclone/pkg/post/repo_mongo.go:92.2,93.14 2 1
redditclone/pkg/post/repo_mongo.go:96.94,111.28 4 1
redditclone/pkg/post/repo_mongo.go:111.28,113.3 1 1
redditclone/pkg/post/repo_mongo.go:113.8,115.3 1 1
redditclone/pkg/post/repo_mongo.go:117.2,120.67 3 1
redditclone/pkg/post/repo_mongo.go:120.67,123.3 2 1
redditclone/pkg/post/repo_mongo.go:124.2,125.16 2 1
redditclone/pkg/post/repo_mongo.go:128.61,135.16 5 1
redditclone/pkg/post/repo_mongo.go:135.16,138.3 2 1
redditclone/pkg/post/repo_mongo.go:139.2,141.18 2 1
redditclone/pkg/post/repo_mongo.go:144.96,151.16 6 1
redditclone/pkg/post/repo_mongo.go:151.16,154.3 2 1
redditclone/pkg/post/repo_mongo.go:155.2,166.16 5 1
redditclone/pkg/post/repo_mongo.go:166.16,169.3 2 0
redditclone/pkg/post/repo_mongo.go:170.2,174.19 3 1
redditclone/pkg/post/repo_mongo.go:177.91,184.16 6 1
redditclone/pkg/post/repo_mongo.go:184.16,187.3 2 0
redditclone/pkg/post/repo_mongo.go:188.2,191.34 3 1
redditclone/pkg/post/repo_mongo.go:191.34,192.24 1 1
redditclone/pkg/post/repo_mongo.go:192.24,194.9 2 1
redditclone/pkg/post/repo_mongo.go:198.2,198.75 1 1
redditclone/pkg/post/repo_mongo.go:198.75,199.25 1 1
redditclone/pkg/post/repo_mongo.go:199.25,202.4 2 1
redditclone/pkg/post/repo_mongo.go:203.3,204.30 2 1
redditclone/pkg/post/repo_mongo.go:207.2,209.16 3 1
redditclone/pkg/post/repo_mongo.go:209.16,212.3 2 0
redditclone/pkg/post/repo_mongo.go:213.2,215.16 3 1
redditclone/pkg/post/repo_mongo.go:215.16,218.3 2 0
redditclone/pkg/post/repo_mongo.go:219.2,220.19 2 1
redditclone/pkg/post/repo_mongo.go:223.85,230.16 6 1
redditclone/pkg/post/repo_mongo.go:230.16,233.3 2 0
redditclone/pkg/post/repo_mongo.go:234.2,237.31 3 1
redditclone/pkg/post/repo_mongo.go:237.31,238.23 1 1
redditclone/pkg/post/repo_mongo.go:238.23,240.9 2 1
redditclone/pkg/post/repo_mongo.go:244.2,244.14 1 1
redditclone/pkg/post/repo_mongo.go:245.9,247.26 1 1
redditclone/pkg/post/repo_mongo.go:247.26,249.43 1 1
redditclone/pkg/post/repo_mongo.go:249.43,252.5 2 1
redditclone/pkg/post/repo_mongo.go:253.9,257.4 2 1
redditclone/pkg/post/repo_mongo.go:258.10,260.26 1 1
redditclone/pkg/post/repo_mongo.go:260.26,262.44 1 1
redditclone/pkg/post/repo_mongo.go:262.44,265.5 2 1
redditclone/pkg/post/repo_mongo.go:266.9,270.4 2 1
redditclone/pkg/post/repo_mongo.go:271.9,273.26 1 1
redditclone/pkg/post/repo_mongo.go:273.26,275.42 1 1
redditclone/pkg/post/repo_mongo.go:276.11,278.17 1 1
redditclone/pkg/post/repo_mongo.go:279.12,281.17 1 1
redditclone/pkg/post/repo_mongo.go:283.4,283.84 1 1
redditclone/pkg/post/repo_mongo.go:287.2,295.16 4 1
redditclone/pkg/post/repo_mongo.go:295.16,298.3 2 0
redditclone/pkg/post/repo_mongo.go:299.2,302.16 3 1
redditclone/pkg/post/repo_mongo.go:302.16,305.3 2 0
redditclone/pkg/post/repo_mongo.go:306.2,306.19 1 1
redditclone/pkg/post/repo_mongo.go:309.63,313.31 3 1
redditclone/pkg/post/repo_mongo.go:313.31,314.18 1 1
redditclone/pkg/post/repo_mongo.go:314.18,316.4 1 1
redditclone/pkg/post/repo_mongo.go:319.2,319.21 1 1
redditclone/pkg/post/repo_mongo.go:319.21,321.3 1 1
redditclone/pkg/post/repo_mongo.go:321.8,323.3 1 1
redditclone/pkg/post/repo_mongo.go:325.2,325.97 1 1
redditclone/pkg/post/repo_mongo.go:328.76,335.16 6 1
redditclone/pkg/post/repo_mongo.go:335.16,338.3 2 1
redditclone/pkg/post/repo_mongo.go:339.2,341.30 2 1
redditclone/pkg/post/repo_mongo.go:341.30,344.3 2 1
redditclone/pkg/post/repo_mongo.go:346.2,347.16 2 1
redditclone/pkg/post/repo_mongo.go:347.16,350.3 2 0
redditclone/pkg/post/repo_mongo.go:351.2,353.27 2 1
redditclone/pkg/post/repo_mongo.go:353.27,356.3 2 0
redditclone/pkg/post/repo_mongo.go:357.2,357.18 1 1
redditclone/pkg/post/repo_mongo.go:360.64,367.16 6 1
redditclone/pkg/post/repo_mongo.go:367.16,370.3 2 1
redditclone/pkg/post/repo_mongo.go:371.2,375.28 3 1
redditclone/pkg/post/repo_mongo.go:375.28,377.51 2 1
redditclone/pkg/post/repo_mongo.go:377.51,379.12 2 0
redditclone/pkg/post/repo_mongo.go:381.3,381.30 1 1
redditclone/pkg/post/repo_mongo.go:383.2,385.14 2 1
