mode: set
redditclone/pkg/handlers/post.go:20.73,23.2 2 1
redditclone/pkg/handlers/post.go:25.83,30.2 4 1
redditclone/pkg/handlers/post.go:32.74,35.16 2 1
redditclone/pkg/handlers/post.go:35.16,38.3 2 1
redditclone/pkg/handlers/post.go:40.2,42.16 2 1
redditclone/pkg/handlers/post.go:42.17,44.3 0 0
redditclone/pkg/handlers/post.go:46.2,48.65 2 1
redditclone/pkg/handlers/post.go:48.65,51.3 2 0
redditclone/pkg/handlers/post.go:52.2,56.77 3 1
redditclone/pkg/handlers/post.go:59.71,63.16 4 1
redditclone/pkg/handlers/post.go:63.16,64.43 1 1
redditclone/pkg/handlers/post.go:64.43,66.4 1 1
redditclone/pkg/handlers/post.go:67.3,67.9 1 1
redditclone/pkg/handlers/post.go:69.2,69.45 1 1
redditclone/pkg/handlers/post.go:72.74,75.16 2 1
redditclone/pkg/handlers/post.go:75.16,78.3 2 0
redditclone/pkg/handlers/post.go:80.2,82.16 2 1
redditclone/pkg/handlers/post.go:82.17,84.3 0 0
redditclone/pkg/handlers/post.go:86.2,92.81 4 1
redditclone/pkg/handlers/post.go:92.81,95.3 2 0
redditclone/pkg/handlers/post.go:96.2,97.16 2 1
redditclone/pkg/handlers/post.go:97.16,98.43 1 0
redditclone/pkg/handlers/post.go:98.43,100.4 1 0
redditclone/pkg/handlers/post.go:101.3,101.9 1 0
redditclone/pkg/handlers/post.go:103.2,104.82 2 1
redditclone/pkg/handlers/post.go:107.77,110.16 2 1
redditclone/pkg/handlers/post.go:110.16,113.3 2 0
redditclone/pkg/handlers/post.go:115.2,117.16 2 1
redditclone/pkg/handlers/post.go:117.17,119.3 0 0
redditclone/pkg/handlers/post.go:121.2,126.16 5 1
redditclone/pkg/handlers/post.go:126.16,127.43 1 0
redditclone/pkg/handlers/post.go:127.43,129.4 1 0
redditclone/pkg/handlers/post.go:130.3,130.46 1 0
redditclone/pkg/handlers/post.go:130.46,132.4 1 0
redditclone/pkg/handlers/post.go:133.3,133.43 1 0
redditclone/pkg/handlers/post.go:133.43,135.4 1 0
redditclone/pkg/handlers/post.go:136.3,136.9 1 0
redditclone/pkg/handlers/post.go:139.2,140.108 2 1
redditclone/pkg/handlers/post.go:143.84,146.16 2 1
redditclone/pkg/handlers/post.go:146.16,149.3 2 0
redditclone/pkg/handlers/post.go:151.2,153.16 2 1
redditclone/pkg/handlers/post.go:153.17,155.3 0 0
redditclone/pkg/handlers/post.go:157.2,161.16 4 1
redditclone/pkg/handlers/post.go:161.16,162.43 1 0
redditclone/pkg/handlers/post.go:162.43,164.4 1 0
redditclone/pkg/handlers/post.go:165.3,165.9 1 0
redditclone/pkg/handlers/post.go:167.2,168.83 2 1
redditclone/pkg/handlers/post.go:171.74,173.2 1 1
redditclone/pkg/handlers/post.go:175.76,177.2 1 1
redditclone/pkg/handlers/post.go:179.74,181.2 1 1
redditclone/pkg/handlers/post.go:183.74,186.16 2 1
redditclone/pkg/handlers/post.go:186.16,189.3 2 0
redditclone/pkg/handlers/post.go:191.2,193.16 2 1
redditclone/pkg/handlers/post.go:193.17,195.3 0 0
redditclone/pkg/handlers/post.go:197.2,202.16 4 1
redditclone/pkg/handlers/post.go:202.16,203.43 1 1
redditclone/pkg/handlers/post.go:203.43,205.4 1 1
redditclone/pkg/handlers/post.go:206.3,206.43 1 1
redditclone/pkg/handlers/post.go:206.43,208.4 1 1
redditclone/pkg/handlers/post.go:209.3,209.9 1 1
redditclone/pkg/handlers/post.go:212.2,212.19 1 1
redditclone/pkg/handlers/post.go:212.19,215.3 2 1
redditclone/pkg/handlers/post.go:215.8,217.3 1 0
redditclone/pkg/handlers/post.go:220.75,227.2 4 1
redditclone/pkg/handlers/user.go:19.72,21.65 2 1
redditclone/pkg/handlers/user.go:21.65,33.3 2 1
redditclone/pkg/handlers/user.go:35.2,37.43 2 1
redditclone/pkg/handlers/user.go:37.43,49.3 2 1
redditclone/pkg/handlers/user.go:51.2,52.22 2 1
redditclone/pkg/handlers/user.go:52.22,55.3 2 0
redditclone/pkg/handlers/user.go:56.2,59.16 3 1
redditclone/pkg/handlers/user.go:59.16,62.17 3 0
redditclone/pkg/handlers/user.go:62.17,64.4 1 0
redditclone/pkg/handlers/user.go:65.3,65.9 1 0
redditclone/pkg/handlers/user.go:67.2,67.55 1 1
redditclone/pkg/handlers/user.go:70.69,72.65 2 1
redditclone/pkg/handlers/user.go:72.65,75.3 2 1
redditclone/pkg/handlers/user.go:76.2,77.16 2 1
redditclone/pkg/handlers/user.go:77.16,78.37 1 0
redditclone/pkg/handlers/user.go:78.37,80.4 1 0
redditclone/pkg/handlers/user.go:81.3,81.38 1 0
redditclone/pkg/handlers/user.go:81.38,83.4 1 0
redditclone/pkg/handlers/user.go:84.3,84.9 1 0
redditclone/pkg/handlers/user.go:87.2,88.22 2 1
redditclone/pkg/handlers/user.go:88.22,91.3 2 0
redditclone/pkg/handlers/user.go:92.2,95.16 3 1
redditclone/pkg/handlers/user.go:95.16,98.17 3 0
redditclone/pkg/handlers/user.go:98.17,100.4 1 0
redditclone/pkg/handlers/user.go:101.3,101.9 1 0
redditclone/pkg/handlers/user.go:103.2,103.55 1 1
redditclone/pkg/handlers/user.go:106.70,108.16 2 1
redditclone/pkg/handlers/user.go:108.16,110.3 1 0
redditclone/pkg/handlers/user.go:111.2,111.44 1 1
